<?xml version="1.0" encoding="UTF-8"?>
<testng-results total="1" passed="1" failed="0" skipped="0">
  <reporter-output>
  </reporter-output>
  <suite started-at="2022-11-03T09:55:34Z" name="Default suite" finished-at="2022-11-03T09:56:03Z" duration-ms="28558">
    <groups>
      <group name="cucumber">
        <method signature="AbstractTestNGCucumberTests.runScenario(io.cucumber.testng.PickleWrapper, io.cucumber.testng.FeatureWrapper)[pri:0, instance:Runner_upskill.runner_upskill@7393222f]" name="runScenario" class="io.cucumber.testng.AbstractTestNGCucumberTests"/>
      </group> <!-- cucumber -->
    </groups>
    <test started-at="2022-11-03T09:55:34Z" name="Default test" finished-at="2022-11-03T09:56:03Z" duration-ms="28558">
      <class name="Runner_upskill.runner_upskill">
        <test-method is-config="true" signature="setUpClass(org.testng.ITestContext)[pri:0, instance:Runner_upskill.runner_upskill@7393222f]" started-at="2022-11-03T15:25:34Z" name="setUpClass" finished-at="2022-11-03T15:25:35Z" duration-ms="411" status="PASS">
          <params>
            <param index="0">
              <value>
                <![CDATA[org.testng.TestRunner@fd9ebde]]>
              </value>
            </param>
          </params>
          <reporter-output>
          </reporter-output>
        </test-method> <!-- setUpClass -->
        <test-method signature="runScenario(io.cucumber.testng.PickleWrapper, io.cucumber.testng.FeatureWrapper)[pri:0, instance:Runner_upskill.runner_upskill@7393222f]" started-at="2022-11-03T15:25:35Z" name="runScenario" description="Runs Cucumber Scenarios" data-provider="scenarios" finished-at="2022-11-03T15:26:03Z" duration-ms="27917" status="PASS">
          <params>
            <param index="0">
              <value>
                <![CDATA["To Test login functionality"]]>
              </value>
            </param>
            <param index="1">
              <value>
                <![CDATA["Optional[Test skillrary]"]]>
              </value>
            </param>
          </params>
          <reporter-output>
          </reporter-output>
        </test-method> <!-- runScenario -->
        <test-method is-config="true" signature="tearDownClass()[pri:0, instance:Runner_upskill.runner_upskill@7393222f]" started-at="2022-11-03T15:26:03Z" name="tearDownClass" finished-at="2022-11-03T15:26:03Z" duration-ms="127" status="PASS">
          <reporter-output>
          </reporter-output>
        </test-method> <!-- tearDownClass -->
      </class> <!-- Runner_upskill.runner_upskill -->
    </test> <!-- Default test -->
  </suite> <!-- Default suite -->
</testng-results>
